2022-06-24 21:01:08.555  INFO 6948 --- [restartedMain] c.S.U.UserManegmentAppApplication        : Starting UserManegmentAppApplication using Java 17.0.2 on DESKTOP-ODI7B88 with PID 6948 (D:\MiniProject\UserManegmentApp\target\classes started by Dell in D:\MiniProject\UserManegmentApp)
2022-06-24 21:01:08.556  INFO 6948 --- [restartedMain] c.S.U.UserManegmentAppApplication        : No active profile set, falling back to 1 default profile: "default"
2022-06-24 21:01:09.118  INFO 6948 --- [restartedMain] .s.d.r.c.RepositoryConfigurationDelegate : Bootstrapping Spring Data JPA repositories in DEFAULT mode.
2022-06-24 21:01:09.119  INFO 6948 --- [restartedMain] .s.d.r.c.RepositoryConfigurationDelegate : Finished Spring Data repository scanning in 1 ms. Found 0 JPA repository interfaces.
2022-06-24 21:01:09.502  INFO 6948 --- [restartedMain] o.s.b.w.embedded.tomcat.TomcatWebServer  : Tomcat initialized with port(s): 9090 (http)
2022-06-24 21:01:09.505  INFO 6948 --- [restartedMain] o.apache.catalina.core.StandardService   : Starting service [Tomcat]
2022-06-24 21:01:09.505  INFO 6948 --- [restartedMain] org.apache.catalina.core.StandardEngine  : Starting Servlet engine: [Apache Tomcat/9.0.64]
2022-06-24 21:01:09.622  INFO 6948 --- [restartedMain] o.a.c.c.C.[Tomcat-1].[localhost].[/]     : Initializing Spring embedded WebApplicationContext
2022-06-24 21:01:09.622  INFO 6948 --- [restartedMain] w.s.c.ServletWebServerApplicationContext : Root WebApplicationContext: initialization completed in 1062 ms
2022-06-24 21:01:09.828  INFO 6948 --- [restartedMain] o.hibernate.jpa.internal.util.LogHelper  : HHH000204: Processing PersistenceUnitInfo [name: default]
2022-06-24 21:01:09.864  INFO 6948 --- [restartedMain] com.zaxxer.hikari.HikariDataSource       : HikariPool-13 - Starting...
2022-06-24 21:01:10.673  INFO 6948 --- [restartedMain] com.zaxxer.hikari.HikariDataSource       : HikariPool-13 - Start completed.
2022-06-24 21:01:10.682  INFO 6948 --- [restartedMain] org.hibernate.dialect.Dialect            : HHH000400: Using dialect: org.hibernate.dialect.MySQL5Dialect
2022-06-24 21:01:11.263  INFO 6948 --- [restartedMain] o.h.e.t.j.p.i.JtaPlatformInitiator       : HHH000490: Using JtaPlatform implementation: [org.hibernate.engine.transaction.jta.platform.internal.NoJtaPlatform]
2022-06-24 21:01:11.265  INFO 6948 --- [restartedMain] j.LocalContainerEntityManagerFactoryBean : Initialized JPA EntityManagerFactory for persistence unit 'default'
2022-06-24 21:01:11.316  WARN 6948 --- [restartedMain] JpaBaseConfiguration$JpaWebConfiguration : spring.jpa.open-in-view is enabled by default. Therefore, database queries may be performed during view rendering. Explicitly configure spring.jpa.open-in-view to disable this warning
2022-06-24 21:01:11.495  INFO 6948 --- [restartedMain] o.s.b.d.a.OptionalLiveReloadServer       : LiveReload server is running on port 35729
2022-06-24 21:01:11.544  INFO 6948 --- [restartedMain] o.s.b.w.embedded.tomcat.TomcatWebServer  : Tomcat started on port(s): 9090 (http) with context path ''
2022-06-24 21:01:11.558  INFO 6948 --- [restartedMain] c.S.U.UserManegmentAppApplication        : Started UserManegmentAppApplication in 3.375 seconds (JVM running for 29943.992)
2022-06-24 21:01:11.560  INFO 6948 --- [restartedMain] .ConditionEvaluationDeltaLoggingListener : Condition evaluation unchanged
